<?xml version="1.0" encoding="UTF-8"?>
<testsuite name="src.main.java.gpsUtils.GpsUtilsApplicationTests" tests="4" skipped="0" failures="0" errors="0" timestamp="2021-02-27T13:44:17" hostname="TOUR-NICO" time="0.634">
  <properties/>
  <testcase name="whenRequestLocalization_errorParamNull()" classname="src.main.java.gpsUtils.GpsUtilsApplicationTests" time="0.397"/>
  <testcase name="whenRequestLocalization_errorParamString()" classname="src.main.java.gpsUtils.GpsUtilsApplicationTests" time="0.006"/>
  <testcase name="whenRequestAttraction_sentOk()" classname="src.main.java.gpsUtils.GpsUtilsApplicationTests" time="0.124"/>
  <testcase name="whenRequestLocalization_sentOk()" classname="src.main.java.gpsUtils.GpsUtilsApplicationTests" time="0.103"/>
  <system-out><![CDATA[14:44:14.601 [Test worker] DEBUG org.springframework.test.context.BootstrapUtils - Instantiating CacheAwareContextLoaderDelegate from class [org.springframework.test.context.cache.DefaultCacheAwareContextLoaderDelegate]
14:44:14.611 [Test worker] DEBUG org.springframework.test.context.BootstrapUtils - Instantiating BootstrapContext using constructor [public org.springframework.test.context.support.DefaultBootstrapContext(java.lang.Class,org.springframework.test.context.CacheAwareContextLoaderDelegate)]
14:44:14.639 [Test worker] DEBUG org.springframework.test.context.BootstrapUtils - Instantiating TestContextBootstrapper for test class [src.main.java.gpsUtils.GpsUtilsApplicationTests] from class [org.springframework.boot.test.context.SpringBootTestContextBootstrapper]
14:44:14.650 [Test worker] INFO org.springframework.boot.test.context.SpringBootTestContextBootstrapper - Neither @ContextConfiguration nor @ContextHierarchy found for test class [src.main.java.gpsUtils.GpsUtilsApplicationTests], using SpringBootContextLoader
14:44:14.653 [Test worker] DEBUG org.springframework.test.context.support.AbstractContextLoader - Did not detect default resource location for test class [src.main.java.gpsUtils.GpsUtilsApplicationTests]: class path resource [src/main/java/gpsUtils/GpsUtilsApplicationTests-context.xml] does not exist
14:44:14.654 [Test worker] DEBUG org.springframework.test.context.support.AbstractContextLoader - Did not detect default resource location for test class [src.main.java.gpsUtils.GpsUtilsApplicationTests]: class path resource [src/main/java/gpsUtils/GpsUtilsApplicationTestsContext.groovy] does not exist
14:44:14.654 [Test worker] INFO org.springframework.test.context.support.AbstractContextLoader - Could not detect default resource locations for test class [src.main.java.gpsUtils.GpsUtilsApplicationTests]: no resource found for suffixes {-context.xml, Context.groovy}.
14:44:14.654 [Test worker] INFO org.springframework.test.context.support.AnnotationConfigContextLoaderUtils - Could not detect default configuration classes for test class [src.main.java.gpsUtils.GpsUtilsApplicationTests]: GpsUtilsApplicationTests does not declare any static, non-private, non-final, nested classes annotated with @Configuration.
14:44:14.699 [Test worker] DEBUG org.springframework.test.context.support.ActiveProfilesUtils - Could not find an 'annotation declaring class' for annotation type [org.springframework.test.context.ActiveProfiles] and class [src.main.java.gpsUtils.GpsUtilsApplicationTests]
14:44:14.746 [Test worker] DEBUG org.springframework.context.annotation.ClassPathScanningCandidateComponentProvider - Identified candidate component class: file [E:\Documents\GitHub\JavaPathENProject8\External Api\gpsUtils\build\classes\java\main\src\main\java\gpsUtils\GpsUtilsApplication.class]
14:44:14.747 [Test worker] INFO org.springframework.boot.test.context.SpringBootTestContextBootstrapper - Found @SpringBootConfiguration src.main.java.gpsUtils.GpsUtilsApplication for test class src.main.java.gpsUtils.GpsUtilsApplicationTests
14:44:14.830 [Test worker] DEBUG org.springframework.boot.test.context.SpringBootTestContextBootstrapper - @TestExecutionListeners is not present for class [src.main.java.gpsUtils.GpsUtilsApplicationTests]: using defaults.
14:44:14.830 [Test worker] INFO org.springframework.boot.test.context.SpringBootTestContextBootstrapper - Loaded default TestExecutionListener class names from location [META-INF/spring.factories]: [org.springframework.boot.test.autoconfigure.restdocs.RestDocsTestExecutionListener, org.springframework.boot.test.autoconfigure.web.client.MockRestServiceServerResetTestExecutionListener, org.springframework.boot.test.autoconfigure.web.servlet.MockMvcPrintOnlyOnFailureTestExecutionListener, org.springframework.boot.test.autoconfigure.web.servlet.WebDriverTestExecutionListener, org.springframework.boot.test.autoconfigure.webservices.client.MockWebServiceServerTestExecutionListener, org.springframework.boot.test.mock.mockito.MockitoTestExecutionListener, org.springframework.boot.test.mock.mockito.ResetMocksTestExecutionListener, org.springframework.test.context.web.ServletTestExecutionListener, org.springframework.test.context.support.DirtiesContextBeforeModesTestExecutionListener, org.springframework.test.context.event.ApplicationEventsTestExecutionListener, org.springframework.test.context.support.DependencyInjectionTestExecutionListener, org.springframework.test.context.support.DirtiesContextTestExecutionListener, org.springframework.test.context.transaction.TransactionalTestExecutionListener, org.springframework.test.context.jdbc.SqlScriptsTestExecutionListener, org.springframework.test.context.event.EventPublishingTestExecutionListener]
14:44:14.840 [Test worker] DEBUG org.springframework.boot.test.context.SpringBootTestContextBootstrapper - Skipping candidate TestExecutionListener [org.springframework.test.context.transaction.TransactionalTestExecutionListener] due to a missing dependency. Specify custom listener classes or make the default listener classes and their required dependencies available. Offending class: [org/springframework/transaction/interceptor/TransactionAttributeSource]
14:44:14.841 [Test worker] DEBUG org.springframework.boot.test.context.SpringBootTestContextBootstrapper - Skipping candidate TestExecutionListener [org.springframework.test.context.jdbc.SqlScriptsTestExecutionListener] due to a missing dependency. Specify custom listener classes or make the default listener classes and their required dependencies available. Offending class: [org/springframework/transaction/interceptor/TransactionAttribute]
14:44:14.841 [Test worker] INFO org.springframework.boot.test.context.SpringBootTestContextBootstrapper - Using TestExecutionListeners: [org.springframework.test.context.web.ServletTestExecutionListener@6420ece, org.springframework.test.context.support.DirtiesContextBeforeModesTestExecutionListener@5c2061df, org.springframework.test.context.event.ApplicationEventsTestExecutionListener@3612a527, org.springframework.boot.test.mock.mockito.MockitoTestExecutionListener@46825edd, org.springframework.boot.test.autoconfigure.SpringBootDependencyInjectionTestExecutionListener@50a00cbd, org.springframework.test.context.support.DirtiesContextTestExecutionListener@fd1a1ef, org.springframework.test.context.event.EventPublishingTestExecutionListener@2cc916af, org.springframework.boot.test.autoconfigure.restdocs.RestDocsTestExecutionListener@7869c15d, org.springframework.boot.test.autoconfigure.web.client.MockRestServiceServerResetTestExecutionListener@287cef09, org.springframework.boot.test.autoconfigure.web.servlet.MockMvcPrintOnlyOnFailureTestExecutionListener@2aa0fd30, org.springframework.boot.test.autoconfigure.web.servlet.WebDriverTestExecutionListener@4e38faa5, org.springframework.boot.test.autoconfigure.webservices.client.MockWebServiceServerTestExecutionListener@786db916, org.springframework.boot.test.mock.mockito.ResetMocksTestExecutionListener@372615b5]
14:44:14.844 [Test worker] DEBUG org.springframework.test.context.support.AbstractDirtiesContextTestExecutionListener - Before test class: context [DefaultTestContext@23279e51 testClass = GpsUtilsApplicationTests, testInstance = [null], testMethod = [null], testException = [null], mergedContextConfiguration = [WebMergedContextConfiguration@5a1eed04 testClass = GpsUtilsApplicationTests, locations = '{}', classes = '{class src.main.java.gpsUtils.GpsUtilsApplication}', contextInitializerClasses = '[]', activeProfiles = '{}', propertySourceLocations = '{}', propertySourceProperties = '{org.springframework.boot.test.context.SpringBootTestContextBootstrapper=true}', contextCustomizers = set[org.springframework.boot.test.autoconfigure.actuate.metrics.MetricsExportContextCustomizerFactory$DisableMetricExportContextCustomizer@3f98cec3, org.springframework.boot.test.autoconfigure.properties.PropertyMappingContextCustomizer@4b3fa0b3, org.springframework.boot.test.autoconfigure.web.servlet.WebDriverContextCustomizerFactory$Customizer@135e5d35, [ImportsContextCustomizer@38dcf7d4 key = [org.springframework.boot.test.autoconfigure.web.servlet.MockMvcAutoConfiguration, org.springframework.boot.test.autoconfigure.web.servlet.MockMvcWebClientAutoConfiguration, org.springframework.boot.test.autoconfigure.web.servlet.MockMvcWebDriverAutoConfiguration, org.springframework.boot.autoconfigure.security.oauth2.client.servlet.OAuth2ClientAutoConfiguration, org.springframework.boot.autoconfigure.security.oauth2.resource.servlet.OAuth2ResourceServerAutoConfiguration, org.springframework.boot.autoconfigure.security.servlet.SecurityAutoConfiguration, org.springframework.boot.autoconfigure.security.servlet.SecurityFilterAutoConfiguration, org.springframework.boot.autoconfigure.security.servlet.UserDetailsServiceAutoConfiguration, org.springframework.boot.test.autoconfigure.web.servlet.MockMvcSecurityConfiguration]], org.springframework.boot.test.context.filter.ExcludeFilterContextCustomizer@52a479b, org.springframework.boot.test.json.DuplicateJsonObjectContextCustomizerFactory$DuplicateJsonObjectContextCustomizer@2db87b00, org.springframework.boot.test.mock.mockito.MockitoContextCustomizer@0, org.springframework.boot.test.web.client.TestRestTemplateContextCustomizer@ff324cf, org.springframework.boot.test.context.SpringBootTestArgs@1, org.springframework.boot.test.context.SpringBootTestWebEnvironment@223fb26c], resourceBasePath = 'src/main/webapp', contextLoader = 'org.springframework.boot.test.context.SpringBootContextLoader', parent = [null]], attributes = map['org.springframework.test.context.web.ServletTestExecutionListener.activateListener' -> true]], class annotated with @DirtiesContext [false] with mode [null].
14:44:14.878 [Test worker] DEBUG org.springframework.test.context.support.TestPropertySourceUtils - Adding inlined properties to environment: {spring.jmx.enabled=false, org.springframework.boot.test.context.SpringBootTestContextBootstrapper=true}

  .   ____          _            __ _ _
 /\\ / ___'_ __ _ _(_)_ __  __ _ \ \ \ \
( ( )\___ | '_ | '_| | '_ \/ _` | \ \ \ \
 \\/  ___)| |_)| | | | | || (_| |  ) ) ) )
  '  |____| .__|_| |_|_| |_\__, | / / / /
 =========|_|==============|___/=/_/_/_/
 :: Spring Boot ::                (v2.4.2)

2021-02-27 14:44:15.294  INFO 13328 --- [    Test worker] s.m.j.gpsUtils.GpsUtilsApplicationTests  : Starting GpsUtilsApplicationTests using Java 14.0.1 on Tour-Nico with PID 13328 (started by nicol in E:\Documents\GitHub\JavaPathENProject8\External Api\gpsUtils)
2021-02-27 14:44:15.295  INFO 13328 --- [    Test worker] s.m.j.gpsUtils.GpsUtilsApplicationTests  : No active profile set, falling back to default profiles: default
2021-02-27 14:44:16.106  INFO 13328 --- [    Test worker] o.s.cloud.context.scope.GenericScope     : BeanFactory id=91f92f10-3665-3776-9063-3e4f18bcec6f
2021-02-27 14:44:16.709  INFO 13328 --- [    Test worker] o.s.s.concurrent.ThreadPoolTaskExecutor  : Initializing ExecutorService 'applicationTaskExecutor'
2021-02-27 14:44:17.140  INFO 13328 --- [    Test worker] o.s.b.t.m.w.SpringBootMockServletContext : Initializing Spring TestDispatcherServlet ''
2021-02-27 14:44:17.140  INFO 13328 --- [    Test worker] o.s.t.web.servlet.TestDispatcherServlet  : Initializing Servlet ''
2021-02-27 14:44:17.148  INFO 13328 --- [    Test worker] o.s.b.a.e.web.EndpointLinksResolver      : Exposing 2 endpoint(s) beneath base path '/actuator'
2021-02-27 14:44:17.170  INFO 13328 --- [    Test worker] o.s.t.web.servlet.TestDispatcherServlet  : Completed initialization in 30 ms
2021-02-27 14:44:17.408  INFO 13328 --- [    Test worker] s.m.j.gpsUtils.GpsUtilsApplicationTests  : Started GpsUtilsApplicationTests in 2.523 seconds (JVM running for 3.469)
2021-02-27 14:44:17.864  INFO 13328 --- [    Test worker] s.m.j.g.controller.ControllerGpsUtils    : returning all attractions
2021-02-27 14:44:17.990  INFO 13328 --- [    Test worker] s.m.j.g.controller.ControllerGpsUtils    : returning user location for user : bea60f6d-aa4b-496d-87da-4db04b99f2e5
2021-02-27 14:44:18.080  INFO 13328 --- [    Test worker] s.m.j.g.controller.ControllerGpsUtils    : Data were successfully retrieved
]]></system-out>
  <system-err><![CDATA[]]></system-err>
</testsuite>
